<?xml version="1.0" encoding="UTF-8"?>
<testsuite xmlns:xsi="http://www.w3.org/2001/XMLSchema-instance" xsi:noNamespaceSchemaLocation="https://maven.apache.org/surefire/maven-surefire-plugin/xsd/surefire-test-report.xsd" name="com.ks.esshopadmin.EsshopAdminApplicationTests" time="7.205" tests="1" errors="0" skipped="0" failures="0">
  <properties>
    <property name="sun.desktop" value="windows"/>
    <property name="awt.toolkit" value="sun.awt.windows.WToolkit"/>
    <property name="file.encoding.pkg" value="sun.io"/>
    <property name="java.specification.version" value="1.8"/>
    <property name="sun.cpu.isalist" value="amd64"/>
    <property name="sun.jnu.encoding" value="GBK"/>
    <property name="java.class.path" value="F:\UnderGraduated\Third-year-of-college\CourseDesign\esshop-parent\esshop-admin\target\test-classes;F:\UnderGraduated\Third-year-of-college\CourseDesign\esshop-parent\esshop-admin\target\classes;F:\UnderGraduated\Third-year-of-college\CourseDesign\esshop-parent\esshop-service\target\esshop-service-1.0.1.jar;F:\UnderGraduated\Third-year-of-college\CourseDesign\esshop-parent\esshop-mapper\target\esshop-mapper-1.0.1.jar;F:\UnderGraduated\Third-year-of-college\CourseDesign\esshop-parent\esshop-beans\target\esshop-beans-1.0.1.jar;D:\MavenAndRedis\apache-maven-3.8.3\conf\repository\org\mybatis\spring\boot\mybatis-spring-boot-starter\2.2.2\mybatis-spring-boot-starter-2.2.2.jar;D:\MavenAndRedis\apache-maven-3.8.3\conf\repository\org\springframework\boot\spring-boot-starter-jdbc\2.6.6\spring-boot-starter-jdbc-2.6.6.jar;D:\MavenAndRedis\apache-maven-3.8.3\conf\repository\com\zaxxer\HikariCP\4.0.3\HikariCP-4.0.3.jar;D:\MavenAndRedis\apache-maven-3.8.3\conf\repository\org\springframework\spring-jdbc\5.3.18\spring-jdbc-5.3.18.jar;D:\MavenAndRedis\apache-maven-3.8.3\conf\repository\org\springframework\spring-tx\5.3.18\spring-tx-5.3.18.jar;D:\MavenAndRedis\apache-maven-3.8.3\conf\repository\org\mybatis\spring\boot\mybatis-spring-boot-autoconfigure\2.2.2\mybatis-spring-boot-autoconfigure-2.2.2.jar;D:\MavenAndRedis\apache-maven-3.8.3\conf\repository\org\mybatis\mybatis\3.5.9\mybatis-3.5.9.jar;D:\MavenAndRedis\apache-maven-3.8.3\conf\repository\org\mybatis\mybatis-spring\2.0.7\mybatis-spring-2.0.7.jar;D:\MavenAndRedis\apache-maven-3.8.3\conf\repository\com\baomidou\mybatis-plus-boot-starter\3.3.1\mybatis-plus-boot-starter-3.3.1.jar;D:\MavenAndRedis\apache-maven-3.8.3\conf\repository\com\baomidou\mybatis-plus\3.3.1\mybatis-plus-3.3.1.jar;D:\MavenAndRedis\apache-maven-3.8.3\conf\repository\com\baomidou\mybatis-plus-generator\3.3.1\mybatis-plus-generator-3.3.1.jar;D:\MavenAndRedis\apache-maven-3.8.3\conf\repository\com\baomidou\mybatis-plus-extension\3.3.1\mybatis-plus-extension-3.3.1.jar;D:\MavenAndRedis\apache-maven-3.8.3\conf\repository\com\baomidou\mybatis-plus-core\3.3.1\mybatis-plus-core-3.3.1.jar;D:\MavenAndRedis\apache-maven-3.8.3\conf\repository\com\baomidou\mybatis-plus-annotation\3.3.1\mybatis-plus-annotation-3.3.1.jar;D:\MavenAndRedis\apache-maven-3.8.3\conf\repository\com\github\jsqlparser\jsqlparser\3.1\jsqlparser-3.1.jar;D:\MavenAndRedis\apache-maven-3.8.3\conf\repository\org\apache\velocity\velocity-engine-core\2.0\velocity-engine-core-2.0.jar;D:\MavenAndRedis\apache-maven-3.8.3\conf\repository\org\apache\commons\commons-lang3\3.12.0\commons-lang3-3.12.0.jar;D:\MavenAndRedis\apache-maven-3.8.3\conf\repository\mysql\mysql-connector-java\8.0.28\mysql-connector-java-8.0.28.jar;D:\MavenAndRedis\apache-maven-3.8.3\conf\repository\com\alibaba\druid-spring-boot-starter\1.2.6\druid-spring-boot-starter-1.2.6.jar;D:\MavenAndRedis\apache-maven-3.8.3\conf\repository\com\alibaba\druid\1.2.6\druid-1.2.6.jar;F:\UnderGraduated\Third-year-of-college\CourseDesign\esshop-parent\esshop-common\target\esshop-common-1.0.1.jar;D:\MavenAndRedis\apache-maven-3.8.3\conf\repository\io\springfox\springfox-swagger2\2.9.2\springfox-swagger2-2.9.2.jar;D:\MavenAndRedis\apache-maven-3.8.3\conf\repository\io\swagger\swagger-annotations\1.5.20\swagger-annotations-1.5.20.jar;D:\MavenAndRedis\apache-maven-3.8.3\conf\repository\io\swagger\swagger-models\1.5.20\swagger-models-1.5.20.jar;D:\MavenAndRedis\apache-maven-3.8.3\conf\repository\io\springfox\springfox-schema\2.9.2\springfox-schema-2.9.2.jar;D:\MavenAndRedis\apache-maven-3.8.3\conf\repository\io\springfox\springfox-swagger-common\2.9.2\springfox-swagger-common-2.9.2.jar;D:\MavenAndRedis\apache-maven-3.8.3\conf\repository\org\mapstruct\mapstruct\1.2.0.Final\mapstruct-1.2.0.Final.jar;D:\MavenAndRedis\apache-maven-3.8.3\conf\repository\io\jsonwebtoken\jjwt\0.9.1\jjwt-0.9.1.jar;D:\MavenAndRedis\apache-maven-3.8.3\conf\repository\com\fasterxml\jackson\core\jackson-databind\2.13.2.2\jackson-databind-2.13.2.2.jar;D:\MavenAndRedis\apache-maven-3.8.3\conf\repository\com\fasterxml\jackson\core\jackson-annotations\2.13.2\jackson-annotations-2.13.2.jar;D:\MavenAndRedis\apache-maven-3.8.3\conf\repository\com\fasterxml\jackson\core\jackson-core\2.13.2\jackson-core-2.13.2.jar;D:\MavenAndRedis\apache-maven-3.8.3\conf\repository\com\github\xiaoymin\swagger-bootstrap-ui\1.9.6\swagger-bootstrap-ui-1.9.6.jar;D:\MavenAndRedis\apache-maven-3.8.3\conf\repository\org\javassist\javassist\3.25.0-GA\javassist-3.25.0-GA.jar;D:\MavenAndRedis\apache-maven-3.8.3\conf\repository\io\springfox\springfox-swagger-ui\2.9.2\springfox-swagger-ui-2.9.2.jar;D:\MavenAndRedis\apache-maven-3.8.3\conf\repository\io\springfox\springfox-spring-web\2.9.2\springfox-spring-web-2.9.2.jar;D:\MavenAndRedis\apache-maven-3.8.3\conf\repository\com\google\guava\guava\20.0\guava-20.0.jar;D:\MavenAndRedis\apache-maven-3.8.3\conf\repository\com\fasterxml\classmate\1.5.1\classmate-1.5.1.jar;D:\MavenAndRedis\apache-maven-3.8.3\conf\repository\org\slf4j\slf4j-api\1.7.36\slf4j-api-1.7.36.jar;D:\MavenAndRedis\apache-maven-3.8.3\conf\repository\org\springframework\plugin\spring-plugin-core\1.2.0.RELEASE\spring-plugin-core-1.2.0.RELEASE.jar;D:\MavenAndRedis\apache-maven-3.8.3\conf\repository\org\springframework\plugin\spring-plugin-metadata\1.2.0.RELEASE\spring-plugin-metadata-1.2.0.RELEASE.jar;D:\MavenAndRedis\apache-maven-3.8.3\conf\repository\io\springfox\springfox-spi\2.9.2\springfox-spi-2.9.2.jar;D:\MavenAndRedis\apache-maven-3.8.3\conf\repository\io\springfox\springfox-core\2.9.2\springfox-core-2.9.2.jar;D:\MavenAndRedis\apache-maven-3.8.3\conf\repository\org\springframework\boot\spring-boot-starter-web\2.6.6\spring-boot-starter-web-2.6.6.jar;D:\MavenAndRedis\apache-maven-3.8.3\conf\repository\org\springframework\boot\spring-boot-starter\2.6.6\spring-boot-starter-2.6.6.jar;D:\MavenAndRedis\apache-maven-3.8.3\conf\repository\org\springframework\boot\spring-boot\2.6.6\spring-boot-2.6.6.jar;D:\MavenAndRedis\apache-maven-3.8.3\conf\repository\org\springframework\boot\spring-boot-autoconfigure\2.6.6\spring-boot-autoconfigure-2.6.6.jar;D:\MavenAndRedis\apache-maven-3.8.3\conf\repository\org\springframework\boot\spring-boot-starter-logging\2.6.6\spring-boot-starter-logging-2.6.6.jar;D:\MavenAndRedis\apache-maven-3.8.3\conf\repository\ch\qos\logback\logback-classic\1.2.11\logback-classic-1.2.11.jar;D:\MavenAndRedis\apache-maven-3.8.3\conf\repository\ch\qos\logback\logback-core\1.2.11\logback-core-1.2.11.jar;D:\MavenAndRedis\apache-maven-3.8.3\conf\repository\org\apache\logging\log4j\log4j-to-slf4j\2.17.2\log4j-to-slf4j-2.17.2.jar;D:\MavenAndRedis\apache-maven-3.8.3\conf\repository\org\apache\logging\log4j\log4j-api\2.17.2\log4j-api-2.17.2.jar;D:\MavenAndRedis\apache-maven-3.8.3\conf\repository\org\slf4j\jul-to-slf4j\1.7.36\jul-to-slf4j-1.7.36.jar;D:\MavenAndRedis\apache-maven-3.8.3\conf\repository\jakarta\annotation\jakarta.annotation-api\1.3.5\jakarta.annotation-api-1.3.5.jar;D:\MavenAndRedis\apache-maven-3.8.3\conf\repository\org\yaml\snakeyaml\1.29\snakeyaml-1.29.jar;D:\MavenAndRedis\apache-maven-3.8.3\conf\repository\org\springframework\boot\spring-boot-starter-json\2.6.6\spring-boot-starter-json-2.6.6.jar;D:\MavenAndRedis\apache-maven-3.8.3\conf\repository\com\fasterxml\jackson\datatype\jackson-datatype-jdk8\2.13.2\jackson-datatype-jdk8-2.13.2.jar;D:\MavenAndRedis\apache-maven-3.8.3\conf\repository\com\fasterxml\jackson\datatype\jackson-datatype-jsr310\2.13.2\jackson-datatype-jsr310-2.13.2.jar;D:\MavenAndRedis\apache-maven-3.8.3\conf\repository\com\fasterxml\jackson\module\jackson-module-parameter-names\2.13.2\jackson-module-parameter-names-2.13.2.jar;D:\MavenAndRedis\apache-maven-3.8.3\conf\repository\org\springframework\boot\spring-boot-starter-tomcat\2.6.6\spring-boot-starter-tomcat-2.6.6.jar;D:\MavenAndRedis\apache-maven-3.8.3\conf\repository\org\apache\tomcat\embed\tomcat-embed-core\9.0.60\tomcat-embed-core-9.0.60.jar;D:\MavenAndRedis\apache-maven-3.8.3\conf\repository\org\apache\tomcat\embed\tomcat-embed-el\9.0.60\tomcat-embed-el-9.0.60.jar;D:\MavenAndRedis\apache-maven-3.8.3\conf\repository\org\apache\tomcat\embed\tomcat-embed-websocket\9.0.60\tomcat-embed-websocket-9.0.60.jar;D:\MavenAndRedis\apache-maven-3.8.3\conf\repository\org\springframework\spring-web\5.3.18\spring-web-5.3.18.jar;D:\MavenAndRedis\apache-maven-3.8.3\conf\repository\org\springframework\spring-beans\5.3.18\spring-beans-5.3.18.jar;D:\MavenAndRedis\apache-maven-3.8.3\conf\repository\org\springframework\spring-webmvc\5.3.18\spring-webmvc-5.3.18.jar;D:\MavenAndRedis\apache-maven-3.8.3\conf\repository\org\springframework\spring-aop\5.3.18\spring-aop-5.3.18.jar;D:\MavenAndRedis\apache-maven-3.8.3\conf\repository\org\springframework\spring-context\5.3.18\spring-context-5.3.18.jar;D:\MavenAndRedis\apache-maven-3.8.3\conf\repository\org\springframework\spring-expression\5.3.18\spring-expression-5.3.18.jar;D:\MavenAndRedis\apache-maven-3.8.3\conf\repository\org\springframework\boot\spring-boot-starter-test\2.6.6\spring-boot-starter-test-2.6.6.jar;D:\MavenAndRedis\apache-maven-3.8.3\conf\repository\org\springframework\boot\spring-boot-test\2.6.6\spring-boot-test-2.6.6.jar;D:\MavenAndRedis\apache-maven-3.8.3\conf\repository\org\springframework\boot\spring-boot-test-autoconfigure\2.6.6\spring-boot-test-autoconfigure-2.6.6.jar;D:\MavenAndRedis\apache-maven-3.8.3\conf\repository\com\jayway\jsonpath\json-path\2.6.0\json-path-2.6.0.jar;D:\MavenAndRedis\apache-maven-3.8.3\conf\repository\net\minidev\json-smart\2.4.8\json-smart-2.4.8.jar;D:\MavenAndRedis\apache-maven-3.8.3\conf\repository\net\minidev\accessors-smart\2.4.8\accessors-smart-2.4.8.jar;D:\MavenAndRedis\apache-maven-3.8.3\conf\repository\org\ow2\asm\asm\9.1\asm-9.1.jar;D:\MavenAndRedis\apache-maven-3.8.3\conf\repository\jakarta\xml\bind\jakarta.xml.bind-api\2.3.3\jakarta.xml.bind-api-2.3.3.jar;D:\MavenAndRedis\apache-maven-3.8.3\conf\repository\jakarta\activation\jakarta.activation-api\1.2.2\jakarta.activation-api-1.2.2.jar;D:\MavenAndRedis\apache-maven-3.8.3\conf\repository\org\assertj\assertj-core\3.21.0\assertj-core-3.21.0.jar;D:\MavenAndRedis\apache-maven-3.8.3\conf\repository\org\hamcrest\hamcrest\2.2\hamcrest-2.2.jar;D:\MavenAndRedis\apache-maven-3.8.3\conf\repository\org\junit\jupiter\junit-jupiter\5.8.2\junit-jupiter-5.8.2.jar;D:\MavenAndRedis\apache-maven-3.8.3\conf\repository\org\junit\jupiter\junit-jupiter-api\5.8.2\junit-jupiter-api-5.8.2.jar;D:\MavenAndRedis\apache-maven-3.8.3\conf\repository\org\opentest4j\opentest4j\1.2.0\opentest4j-1.2.0.jar;D:\MavenAndRedis\apache-maven-3.8.3\conf\repository\org\junit\platform\junit-platform-commons\1.8.2\junit-platform-commons-1.8.2.jar;D:\MavenAndRedis\apache-maven-3.8.3\conf\repository\org\apiguardian\apiguardian-api\1.1.2\apiguardian-api-1.1.2.jar;D:\MavenAndRedis\apache-maven-3.8.3\conf\repository\org\junit\jupiter\junit-jupiter-params\5.8.2\junit-jupiter-params-5.8.2.jar;D:\MavenAndRedis\apache-maven-3.8.3\conf\repository\org\junit\jupiter\junit-jupiter-engine\5.8.2\junit-jupiter-engine-5.8.2.jar;D:\MavenAndRedis\apache-maven-3.8.3\conf\repository\org\junit\platform\junit-platform-engine\1.8.2\junit-platform-engine-1.8.2.jar;D:\MavenAndRedis\apache-maven-3.8.3\conf\repository\org\mockito\mockito-core\4.0.0\mockito-core-4.0.0.jar;D:\MavenAndRedis\apache-maven-3.8.3\conf\repository\net\bytebuddy\byte-buddy\1.11.22\byte-buddy-1.11.22.jar;D:\MavenAndRedis\apache-maven-3.8.3\conf\repository\net\bytebuddy\byte-buddy-agent\1.11.22\byte-buddy-agent-1.11.22.jar;D:\MavenAndRedis\apache-maven-3.8.3\conf\repository\org\objenesis\objenesis\3.2\objenesis-3.2.jar;D:\MavenAndRedis\apache-maven-3.8.3\conf\repository\org\mockito\mockito-junit-jupiter\4.0.0\mockito-junit-jupiter-4.0.0.jar;D:\MavenAndRedis\apache-maven-3.8.3\conf\repository\org\skyscreamer\jsonassert\1.5.0\jsonassert-1.5.0.jar;D:\MavenAndRedis\apache-maven-3.8.3\conf\repository\com\vaadin\external\google\android-json\0.0.20131108.vaadin1\android-json-0.0.20131108.vaadin1.jar;D:\MavenAndRedis\apache-maven-3.8.3\conf\repository\org\springframework\spring-core\5.3.18\spring-core-5.3.18.jar;D:\MavenAndRedis\apache-maven-3.8.3\conf\repository\org\springframework\spring-jcl\5.3.18\spring-jcl-5.3.18.jar;D:\MavenAndRedis\apache-maven-3.8.3\conf\repository\org\springframework\spring-test\5.3.18\spring-test-5.3.18.jar;D:\MavenAndRedis\apache-maven-3.8.3\conf\repository\org\xmlunit\xmlunit-core\2.8.4\xmlunit-core-2.8.4.jar;D:\MavenAndRedis\apache-maven-3.8.3\conf\repository\junit\junit\4.13.2\junit-4.13.2.jar;D:\MavenAndRedis\apache-maven-3.8.3\conf\repository\org\hamcrest\hamcrest-core\2.2\hamcrest-core-2.2.jar;D:\MavenAndRedis\apache-maven-3.8.3\conf\repository\org\springframework\boot\spring-boot-starter-websocket\2.6.6\spring-boot-starter-websocket-2.6.6.jar;D:\MavenAndRedis\apache-maven-3.8.3\conf\repository\org\springframework\spring-messaging\5.3.18\spring-messaging-5.3.18.jar;D:\MavenAndRedis\apache-maven-3.8.3\conf\repository\org\springframework\spring-websocket\5.3.18\spring-websocket-5.3.18.jar;"/>
    <property name="java.vm.vendor" value="Amazon.com Inc."/>
    <property name="sun.arch.data.model" value="64"/>
    <property name="user.variant" value=""/>
    <property name="java.vendor.url" value="https://aws.amazon.com/corretto/"/>
    <property name="user.timezone" value="Asia/Shanghai"/>
    <property name="java.vm.specification.version" value="1.8"/>
    <property name="os.name" value="Windows 10"/>
    <property name="user.country" value="CN"/>
    <property name="sun.java.launcher" value="SUN_STANDARD"/>
    <property name="sun.boot.library.path" value="C:\Users\qqy12345678\.jdks\corretto-1.8.0_322\jre\bin"/>
    <property name="sun.java.command" value="C:\Users\QQY123~1\AppData\Local\Temp\surefire5062793918210940851\surefirebooter19727588398334915.jar C:\Users\qqy12345678\AppData\Local\Temp\surefire5062793918210940851 2022-12-21T17-01-57_264-jvmRun1 surefire5678277696943917728tmp surefire_08901818042866427870tmp"/>
    <property name="surefire.test.class.path" value="F:\UnderGraduated\Third-year-of-college\CourseDesign\esshop-parent\esshop-admin\target\test-classes;F:\UnderGraduated\Third-year-of-college\CourseDesign\esshop-parent\esshop-admin\target\classes;F:\UnderGraduated\Third-year-of-college\CourseDesign\esshop-parent\esshop-service\target\esshop-service-1.0.1.jar;F:\UnderGraduated\Third-year-of-college\CourseDesign\esshop-parent\esshop-mapper\target\esshop-mapper-1.0.1.jar;F:\UnderGraduated\Third-year-of-college\CourseDesign\esshop-parent\esshop-beans\target\esshop-beans-1.0.1.jar;D:\MavenAndRedis\apache-maven-3.8.3\conf\repository\org\mybatis\spring\boot\mybatis-spring-boot-starter\2.2.2\mybatis-spring-boot-starter-2.2.2.jar;D:\MavenAndRedis\apache-maven-3.8.3\conf\repository\org\springframework\boot\spring-boot-starter-jdbc\2.6.6\spring-boot-starter-jdbc-2.6.6.jar;D:\MavenAndRedis\apache-maven-3.8.3\conf\repository\com\zaxxer\HikariCP\4.0.3\HikariCP-4.0.3.jar;D:\MavenAndRedis\apache-maven-3.8.3\conf\repository\org\springframework\spring-jdbc\5.3.18\spring-jdbc-5.3.18.jar;D:\MavenAndRedis\apache-maven-3.8.3\conf\repository\org\springframework\spring-tx\5.3.18\spring-tx-5.3.18.jar;D:\MavenAndRedis\apache-maven-3.8.3\conf\repository\org\mybatis\spring\boot\mybatis-spring-boot-autoconfigure\2.2.2\mybatis-spring-boot-autoconfigure-2.2.2.jar;D:\MavenAndRedis\apache-maven-3.8.3\conf\repository\org\mybatis\mybatis\3.5.9\mybatis-3.5.9.jar;D:\MavenAndRedis\apache-maven-3.8.3\conf\repository\org\mybatis\mybatis-spring\2.0.7\mybatis-spring-2.0.7.jar;D:\MavenAndRedis\apache-maven-3.8.3\conf\repository\com\baomidou\mybatis-plus-boot-starter\3.3.1\mybatis-plus-boot-starter-3.3.1.jar;D:\MavenAndRedis\apache-maven-3.8.3\conf\repository\com\baomidou\mybatis-plus\3.3.1\mybatis-plus-3.3.1.jar;D:\MavenAndRedis\apache-maven-3.8.3\conf\repository\com\baomidou\mybatis-plus-generator\3.3.1\mybatis-plus-generator-3.3.1.jar;D:\MavenAndRedis\apache-maven-3.8.3\conf\repository\com\baomidou\mybatis-plus-extension\3.3.1\mybatis-plus-extension-3.3.1.jar;D:\MavenAndRedis\apache-maven-3.8.3\conf\repository\com\baomidou\mybatis-plus-core\3.3.1\mybatis-plus-core-3.3.1.jar;D:\MavenAndRedis\apache-maven-3.8.3\conf\repository\com\baomidou\mybatis-plus-annotation\3.3.1\mybatis-plus-annotation-3.3.1.jar;D:\MavenAndRedis\apache-maven-3.8.3\conf\repository\com\github\jsqlparser\jsqlparser\3.1\jsqlparser-3.1.jar;D:\MavenAndRedis\apache-maven-3.8.3\conf\repository\org\apache\velocity\velocity-engine-core\2.0\velocity-engine-core-2.0.jar;D:\MavenAndRedis\apache-maven-3.8.3\conf\repository\org\apache\commons\commons-lang3\3.12.0\commons-lang3-3.12.0.jar;D:\MavenAndRedis\apache-maven-3.8.3\conf\repository\mysql\mysql-connector-java\8.0.28\mysql-connector-java-8.0.28.jar;D:\MavenAndRedis\apache-maven-3.8.3\conf\repository\com\alibaba\druid-spring-boot-starter\1.2.6\druid-spring-boot-starter-1.2.6.jar;D:\MavenAndRedis\apache-maven-3.8.3\conf\repository\com\alibaba\druid\1.2.6\druid-1.2.6.jar;F:\UnderGraduated\Third-year-of-college\CourseDesign\esshop-parent\esshop-common\target\esshop-common-1.0.1.jar;D:\MavenAndRedis\apache-maven-3.8.3\conf\repository\io\springfox\springfox-swagger2\2.9.2\springfox-swagger2-2.9.2.jar;D:\MavenAndRedis\apache-maven-3.8.3\conf\repository\io\swagger\swagger-annotations\1.5.20\swagger-annotations-1.5.20.jar;D:\MavenAndRedis\apache-maven-3.8.3\conf\repository\io\swagger\swagger-models\1.5.20\swagger-models-1.5.20.jar;D:\MavenAndRedis\apache-maven-3.8.3\conf\repository\io\springfox\springfox-schema\2.9.2\springfox-schema-2.9.2.jar;D:\MavenAndRedis\apache-maven-3.8.3\conf\repository\io\springfox\springfox-swagger-common\2.9.2\springfox-swagger-common-2.9.2.jar;D:\MavenAndRedis\apache-maven-3.8.3\conf\repository\org\mapstruct\mapstruct\1.2.0.Final\mapstruct-1.2.0.Final.jar;D:\MavenAndRedis\apache-maven-3.8.3\conf\repository\io\jsonwebtoken\jjwt\0.9.1\jjwt-0.9.1.jar;D:\MavenAndRedis\apache-maven-3.8.3\conf\repository\com\fasterxml\jackson\core\jackson-databind\2.13.2.2\jackson-databind-2.13.2.2.jar;D:\MavenAndRedis\apache-maven-3.8.3\conf\repository\com\fasterxml\jackson\core\jackson-annotations\2.13.2\jackson-annotations-2.13.2.jar;D:\MavenAndRedis\apache-maven-3.8.3\conf\repository\com\fasterxml\jackson\core\jackson-core\2.13.2\jackson-core-2.13.2.jar;D:\MavenAndRedis\apache-maven-3.8.3\conf\repository\com\github\xiaoymin\swagger-bootstrap-ui\1.9.6\swagger-bootstrap-ui-1.9.6.jar;D:\MavenAndRedis\apache-maven-3.8.3\conf\repository\org\javassist\javassist\3.25.0-GA\javassist-3.25.0-GA.jar;D:\MavenAndRedis\apache-maven-3.8.3\conf\repository\io\springfox\springfox-swagger-ui\2.9.2\springfox-swagger-ui-2.9.2.jar;D:\MavenAndRedis\apache-maven-3.8.3\conf\repository\io\springfox\springfox-spring-web\2.9.2\springfox-spring-web-2.9.2.jar;D:\MavenAndRedis\apache-maven-3.8.3\conf\repository\com\google\guava\guava\20.0\guava-20.0.jar;D:\MavenAndRedis\apache-maven-3.8.3\conf\repository\com\fasterxml\classmate\1.5.1\classmate-1.5.1.jar;D:\MavenAndRedis\apache-maven-3.8.3\conf\repository\org\slf4j\slf4j-api\1.7.36\slf4j-api-1.7.36.jar;D:\MavenAndRedis\apache-maven-3.8.3\conf\repository\org\springframework\plugin\spring-plugin-core\1.2.0.RELEASE\spring-plugin-core-1.2.0.RELEASE.jar;D:\MavenAndRedis\apache-maven-3.8.3\conf\repository\org\springframework\plugin\spring-plugin-metadata\1.2.0.RELEASE\spring-plugin-metadata-1.2.0.RELEASE.jar;D:\MavenAndRedis\apache-maven-3.8.3\conf\repository\io\springfox\springfox-spi\2.9.2\springfox-spi-2.9.2.jar;D:\MavenAndRedis\apache-maven-3.8.3\conf\repository\io\springfox\springfox-core\2.9.2\springfox-core-2.9.2.jar;D:\MavenAndRedis\apache-maven-3.8.3\conf\repository\org\springframework\boot\spring-boot-starter-web\2.6.6\spring-boot-starter-web-2.6.6.jar;D:\MavenAndRedis\apache-maven-3.8.3\conf\repository\org\springframework\boot\spring-boot-starter\2.6.6\spring-boot-starter-2.6.6.jar;D:\MavenAndRedis\apache-maven-3.8.3\conf\repository\org\springframework\boot\spring-boot\2.6.6\spring-boot-2.6.6.jar;D:\MavenAndRedis\apache-maven-3.8.3\conf\repository\org\springframework\boot\spring-boot-autoconfigure\2.6.6\spring-boot-autoconfigure-2.6.6.jar;D:\MavenAndRedis\apache-maven-3.8.3\conf\repository\org\springframework\boot\spring-boot-starter-logging\2.6.6\spring-boot-starter-logging-2.6.6.jar;D:\MavenAndRedis\apache-maven-3.8.3\conf\repository\ch\qos\logback\logback-classic\1.2.11\logback-classic-1.2.11.jar;D:\MavenAndRedis\apache-maven-3.8.3\conf\repository\ch\qos\logback\logback-core\1.2.11\logback-core-1.2.11.jar;D:\MavenAndRedis\apache-maven-3.8.3\conf\repository\org\apache\logging\log4j\log4j-to-slf4j\2.17.2\log4j-to-slf4j-2.17.2.jar;D:\MavenAndRedis\apache-maven-3.8.3\conf\repository\org\apache\logging\log4j\log4j-api\2.17.2\log4j-api-2.17.2.jar;D:\MavenAndRedis\apache-maven-3.8.3\conf\repository\org\slf4j\jul-to-slf4j\1.7.36\jul-to-slf4j-1.7.36.jar;D:\MavenAndRedis\apache-maven-3.8.3\conf\repository\jakarta\annotation\jakarta.annotation-api\1.3.5\jakarta.annotation-api-1.3.5.jar;D:\MavenAndRedis\apache-maven-3.8.3\conf\repository\org\yaml\snakeyaml\1.29\snakeyaml-1.29.jar;D:\MavenAndRedis\apache-maven-3.8.3\conf\repository\org\springframework\boot\spring-boot-starter-json\2.6.6\spring-boot-starter-json-2.6.6.jar;D:\MavenAndRedis\apache-maven-3.8.3\conf\repository\com\fasterxml\jackson\datatype\jackson-datatype-jdk8\2.13.2\jackson-datatype-jdk8-2.13.2.jar;D:\MavenAndRedis\apache-maven-3.8.3\conf\repository\com\fasterxml\jackson\datatype\jackson-datatype-jsr310\2.13.2\jackson-datatype-jsr310-2.13.2.jar;D:\MavenAndRedis\apache-maven-3.8.3\conf\repository\com\fasterxml\jackson\module\jackson-module-parameter-names\2.13.2\jackson-module-parameter-names-2.13.2.jar;D:\MavenAndRedis\apache-maven-3.8.3\conf\repository\org\springframework\boot\spring-boot-starter-tomcat\2.6.6\spring-boot-starter-tomcat-2.6.6.jar;D:\MavenAndRedis\apache-maven-3.8.3\conf\repository\org\apache\tomcat\embed\tomcat-embed-core\9.0.60\tomcat-embed-core-9.0.60.jar;D:\MavenAndRedis\apache-maven-3.8.3\conf\repository\org\apache\tomcat\embed\tomcat-embed-el\9.0.60\tomcat-embed-el-9.0.60.jar;D:\MavenAndRedis\apache-maven-3.8.3\conf\repository\org\apache\tomcat\embed\tomcat-embed-websocket\9.0.60\tomcat-embed-websocket-9.0.60.jar;D:\MavenAndRedis\apache-maven-3.8.3\conf\repository\org\springframework\spring-web\5.3.18\spring-web-5.3.18.jar;D:\MavenAndRedis\apache-maven-3.8.3\conf\repository\org\springframework\spring-beans\5.3.18\spring-beans-5.3.18.jar;D:\MavenAndRedis\apache-maven-3.8.3\conf\repository\org\springframework\spring-webmvc\5.3.18\spring-webmvc-5.3.18.jar;D:\MavenAndRedis\apache-maven-3.8.3\conf\repository\org\springframework\spring-aop\5.3.18\spring-aop-5.3.18.jar;D:\MavenAndRedis\apache-maven-3.8.3\conf\repository\org\springframework\spring-context\5.3.18\spring-context-5.3.18.jar;D:\MavenAndRedis\apache-maven-3.8.3\conf\repository\org\springframework\spring-expression\5.3.18\spring-expression-5.3.18.jar;D:\MavenAndRedis\apache-maven-3.8.3\conf\repository\org\springframework\boot\spring-boot-starter-test\2.6.6\spring-boot-starter-test-2.6.6.jar;D:\MavenAndRedis\apache-maven-3.8.3\conf\repository\org\springframework\boot\spring-boot-test\2.6.6\spring-boot-test-2.6.6.jar;D:\MavenAndRedis\apache-maven-3.8.3\conf\repository\org\springframework\boot\spring-boot-test-autoconfigure\2.6.6\spring-boot-test-autoconfigure-2.6.6.jar;D:\MavenAndRedis\apache-maven-3.8.3\conf\repository\com\jayway\jsonpath\json-path\2.6.0\json-path-2.6.0.jar;D:\MavenAndRedis\apache-maven-3.8.3\conf\repository\net\minidev\json-smart\2.4.8\json-smart-2.4.8.jar;D:\MavenAndRedis\apache-maven-3.8.3\conf\repository\net\minidev\accessors-smart\2.4.8\accessors-smart-2.4.8.jar;D:\MavenAndRedis\apache-maven-3.8.3\conf\repository\org\ow2\asm\asm\9.1\asm-9.1.jar;D:\MavenAndRedis\apache-maven-3.8.3\conf\repository\jakarta\xml\bind\jakarta.xml.bind-api\2.3.3\jakarta.xml.bind-api-2.3.3.jar;D:\MavenAndRedis\apache-maven-3.8.3\conf\repository\jakarta\activation\jakarta.activation-api\1.2.2\jakarta.activation-api-1.2.2.jar;D:\MavenAndRedis\apache-maven-3.8.3\conf\repository\org\assertj\assertj-core\3.21.0\assertj-core-3.21.0.jar;D:\MavenAndRedis\apache-maven-3.8.3\conf\repository\org\hamcrest\hamcrest\2.2\hamcrest-2.2.jar;D:\MavenAndRedis\apache-maven-3.8.3\conf\repository\org\junit\jupiter\junit-jupiter\5.8.2\junit-jupiter-5.8.2.jar;D:\MavenAndRedis\apache-maven-3.8.3\conf\repository\org\junit\jupiter\junit-jupiter-api\5.8.2\junit-jupiter-api-5.8.2.jar;D:\MavenAndRedis\apache-maven-3.8.3\conf\repository\org\opentest4j\opentest4j\1.2.0\opentest4j-1.2.0.jar;D:\MavenAndRedis\apache-maven-3.8.3\conf\repository\org\junit\platform\junit-platform-commons\1.8.2\junit-platform-commons-1.8.2.jar;D:\MavenAndRedis\apache-maven-3.8.3\conf\repository\org\apiguardian\apiguardian-api\1.1.2\apiguardian-api-1.1.2.jar;D:\MavenAndRedis\apache-maven-3.8.3\conf\repository\org\junit\jupiter\junit-jupiter-params\5.8.2\junit-jupiter-params-5.8.2.jar;D:\MavenAndRedis\apache-maven-3.8.3\conf\repository\org\junit\jupiter\junit-jupiter-engine\5.8.2\junit-jupiter-engine-5.8.2.jar;D:\MavenAndRedis\apache-maven-3.8.3\conf\repository\org\junit\platform\junit-platform-engine\1.8.2\junit-platform-engine-1.8.2.jar;D:\MavenAndRedis\apache-maven-3.8.3\conf\repository\org\mockito\mockito-core\4.0.0\mockito-core-4.0.0.jar;D:\MavenAndRedis\apache-maven-3.8.3\conf\repository\net\bytebuddy\byte-buddy\1.11.22\byte-buddy-1.11.22.jar;D:\MavenAndRedis\apache-maven-3.8.3\conf\repository\net\bytebuddy\byte-buddy-agent\1.11.22\byte-buddy-agent-1.11.22.jar;D:\MavenAndRedis\apache-maven-3.8.3\conf\repository\org\objenesis\objenesis\3.2\objenesis-3.2.jar;D:\MavenAndRedis\apache-maven-3.8.3\conf\repository\org\mockito\mockito-junit-jupiter\4.0.0\mockito-junit-jupiter-4.0.0.jar;D:\MavenAndRedis\apache-maven-3.8.3\conf\repository\org\skyscreamer\jsonassert\1.5.0\jsonassert-1.5.0.jar;D:\MavenAndRedis\apache-maven-3.8.3\conf\repository\com\vaadin\external\google\android-json\0.0.20131108.vaadin1\android-json-0.0.20131108.vaadin1.jar;D:\MavenAndRedis\apache-maven-3.8.3\conf\repository\org\springframework\spring-core\5.3.18\spring-core-5.3.18.jar;D:\MavenAndRedis\apache-maven-3.8.3\conf\repository\org\springframework\spring-jcl\5.3.18\spring-jcl-5.3.18.jar;D:\MavenAndRedis\apache-maven-3.8.3\conf\repository\org\springframework\spring-test\5.3.18\spring-test-5.3.18.jar;D:\MavenAndRedis\apache-maven-3.8.3\conf\repository\org\xmlunit\xmlunit-core\2.8.4\xmlunit-core-2.8.4.jar;D:\MavenAndRedis\apache-maven-3.8.3\conf\repository\junit\junit\4.13.2\junit-4.13.2.jar;D:\MavenAndRedis\apache-maven-3.8.3\conf\repository\org\hamcrest\hamcrest-core\2.2\hamcrest-core-2.2.jar;D:\MavenAndRedis\apache-maven-3.8.3\conf\repository\org\springframework\boot\spring-boot-starter-websocket\2.6.6\spring-boot-starter-websocket-2.6.6.jar;D:\MavenAndRedis\apache-maven-3.8.3\conf\repository\org\springframework\spring-messaging\5.3.18\spring-messaging-5.3.18.jar;D:\MavenAndRedis\apache-maven-3.8.3\conf\repository\org\springframework\spring-websocket\5.3.18\spring-websocket-5.3.18.jar;"/>
    <property name="sun.cpu.endian" value="little"/>
    <property name="user.home" value="C:\Users\qqy12345678"/>
    <property name="user.language" value="zh"/>
    <property name="java.specification.vendor" value="Oracle Corporation"/>
    <property name="java.home" value="C:\Users\qqy12345678\.jdks\corretto-1.8.0_322\jre"/>
    <property name="basedir" value="F:\UnderGraduated\Third-year-of-college\CourseDesign\esshop-parent\esshop-admin"/>
    <property name="file.separator" value="\"/>
    <property name="line.separator" value="&#10;"/>
    <property name="java.vm.specification.vendor" value="Oracle Corporation"/>
    <property name="java.specification.name" value="Java Platform API Specification"/>
    <property name="java.awt.graphicsenv" value="sun.awt.Win32GraphicsEnvironment"/>
    <property name="surefire.real.class.path" value="C:\Users\QQY123~1\AppData\Local\Temp\surefire5062793918210940851\surefirebooter19727588398334915.jar"/>
    <property name="sun.boot.class.path" value="C:\Users\qqy12345678\.jdks\corretto-1.8.0_322\jre\lib\resources.jar;C:\Users\qqy12345678\.jdks\corretto-1.8.0_322\jre\lib\rt.jar;C:\Users\qqy12345678\.jdks\corretto-1.8.0_322\jre\lib\sunrsasign.jar;C:\Users\qqy12345678\.jdks\corretto-1.8.0_322\jre\lib\jsse.jar;C:\Users\qqy12345678\.jdks\corretto-1.8.0_322\jre\lib\jce.jar;C:\Users\qqy12345678\.jdks\corretto-1.8.0_322\jre\lib\charsets.jar;C:\Users\qqy12345678\.jdks\corretto-1.8.0_322\jre\lib\jfr.jar;C:\Users\qqy12345678\.jdks\corretto-1.8.0_322\jre\classes"/>
    <property name="user.script" value=""/>
    <property name="sun.management.compiler" value="HotSpot 64-Bit Tiered Compilers"/>
    <property name="java.runtime.version" value="1.8.0_322-b06"/>
    <property name="user.name" value="qqy12345678"/>
    <property name="path.separator" value=";"/>
    <property name="os.version" value="10.0"/>
    <property name="java.endorsed.dirs" value="C:\Users\qqy12345678\.jdks\corretto-1.8.0_322\jre\lib\endorsed"/>
    <property name="java.runtime.name" value="OpenJDK Runtime Environment"/>
    <property name="file.encoding" value="GBK"/>
    <property name="java.vm.name" value="OpenJDK 64-Bit Server VM"/>
    <property name="localRepository" value="D:\MavenAndRedis\apache-maven-3.8.3\conf\repository"/>
    <property name="java.vendor.url.bug" value="https://github.com/corretto/corretto-8/issues/"/>
    <property name="java.io.tmpdir" value="C:\Users\QQY123~1\AppData\Local\Temp\"/>
    <property name="idea.version" value="2021.1.2"/>
    <property name="java.version" value="1.8.0_322"/>
    <property name="user.dir" value="F:\UnderGraduated\Third-year-of-college\CourseDesign\esshop-parent\esshop-admin"/>
    <property name="os.arch" value="amd64"/>
    <property name="java.vm.specification.name" value="Java Virtual Machine Specification"/>
    <property name="java.awt.printerjob" value="sun.awt.windows.WPrinterJob"/>
    <property name="sun.os.patch.level" value=""/>
    <property name="java.library.path" value="C:\Users\qqy12345678\.jdks\corretto-1.8.0_322\jre\bin;C:\WINDOWS\Sun\Java\bin;C:\WINDOWS\system32;C:\WINDOWS;D:\Database\Oracle\product\11.2.0\dbhome_1\bin;D:\DevelopTools\VMware\bin\;D:\Python310\Scripts\;D:\Python310\;C:\Program Files (x86)\Intel\iCLS Client\;C:\Program Files\Intel\iCLS Client\;C:\Windows\system32;C:\Windows;C:\Windows\System32\Wbem;C:\Windows\System32\WindowsPowerShell\v1.0\;C:\Windows\System32\OpenSSH\;C:\Program Files (x86)\Intel\Intel(R) Management Engine Components\DAL;C:\Program Files\Intel\Intel(R) Management Engine Components\DAL;C:\Program Files (x86)\Intel\Intel(R) Management Engine Components\IPT;C:\Program Files\Intel\Intel(R) Management Engine Components\IPT;C:\Program Files\Intel\WiFi\bin\;C:\Program Files\Common Files\Intel\WirelessCommon\;C:\Program Files (x86)\NVIDIA Corporation\PhysX\Common;D:\ToolSoftware\jdk-16.0.1\bin;C:\WINDOWS\system32;C:\WINDOWS;C:\WINDOWS\System32\Wbem;C:\WINDOWS\System32\WindowsPowerShell\v1.0\;C:\WINDOWS\System32\OpenSSH\;D:\mysql\mysql;D:\mysql\mysql\bin;D:\MavenAndRedis\apache-maven-3.8.3\bin;C:\ProgramData\chocolatey\bin;C:\Program Files (x86)\Pandoc\;C:\Program Files\Git\cmd;d:\DevelopTools\SqlServer\Microsoft SQL Server(x86)\100\Tools\Binn\;d:\DevelopTools\SqlServer\Microsoft SQL Server\100\Tools\Binn\;d:\DevelopTools\SqlServer\Microsoft SQL Server\100\DTS\Binn\;d:\DevelopTools\SqlServer\Microsoft SQL Server(x86)\100\Tools\Binn\VSShell\Common7\IDE\;d:\DevelopTools\SqlServer\Microsoft SQL Server(x86)\100\DTS\Binn\;D:\DevelopTools\miniconda3\Scripts;D:\DevelopTools\miniconda3;D:\TestTools\driver;D:\TestTools\hadoop\hadoop-3.1.1\bin;D:\DevelopTools\NetSarang\;D:\DevelopTools\nvm;D:\DevelopTools\nodejs;C:\Users\qqy12345678\AppData\Local\Microsoft\WindowsApps;D:\Intaller\IntelliJ IDEA 2021.1.2\bin;;D:\DevelopTools\Clion\CLion 2021.1.3\bin;;D:\应用软件\WebStorm 2021.1.3\bin;;node_global;C:\Windows\System32;D:\DevelopTools\PyCharm 2021.1.3\bin;;D:\DevelopTools\Microsoft VS Code\bin;D:\DevelopTools\DataGrip 2021.3.4\bin;;D:\DevelopTools\DevEco Studio 3.0.0.991\bin;;C:\Users\qqy12345678\AppData\Local\GitHubDesktop\bin;F:\UnderGraduated\Third-year-of-college\SoftwareTechnology\1101\AppServ\Apache2.2\bin;F:\UnderGraduated\Third-year-of-college\SoftwareTechnology\1101\AppServ\php6;F:\UnderGraduated\Third-year-of-college\SoftwareTechnology\1101\AppServ\MySQL\bin;D:\DevelopTools\nvm;D:\DevelopTools\nodejs;."/>
    <property name="java.vm.info" value="mixed mode"/>
    <property name="java.vendor" value="Amazon.com Inc."/>
    <property name="java.vm.version" value="25.322-b06"/>
    <property name="java.ext.dirs" value="C:\Users\qqy12345678\.jdks\corretto-1.8.0_322\jre\lib\ext;C:\WINDOWS\Sun\Java\lib\ext"/>
    <property name="sun.io.unicode.encoding" value="UnicodeLittle"/>
    <property name="maven.repo.local" value="D:\MavenAndRedis\apache-maven-3.8.3\conf\repository"/>
    <property name="java.class.version" value="52.0"/>
  </properties>
  <testcase name="contextLoads" classname="com.ks.esshopadmin.EsshopAdminApplicationTests" time="0.427"/>
</testsuite>